Launching ./versione_omp 1600 1
Numero di righe della matrice risultato per thread: 800
Numero di core (logici) disponibili: 48
Elapsed parte parallela: 28.577991 ms;
----------------------- FINE -----------------------


Launching ./versione_omp 3200 4
Numero di righe della matrice risultato per thread: 400
Numero di core (logici) disponibili: 48
Elapsed parte parallela: 29.127272 ms;
----------------------- FINE -----------------------


Launching ./versione_omp 4800 9
Numero di righe della matrice risultato per thread: 266
Numero di core (logici) disponibili: 48
Elapsed parte parallela: 29.284269 ms;
----------------------- FINE -----------------------


Launching ./versione_omp 6400 16
Numero di righe della matrice risultato per thread: 200
Numero di core (logici) disponibili: 48
Elapsed parte parallela: 29.381130 ms;
----------------------- FINE -----------------------


Launching ./versione_omp 8000 25
Numero di righe della matrice risultato per thread: 160
Numero di core (logici) disponibili: 48
Elapsed parte parallela: 30.226338 ms;
----------------------- FINE -----------------------


Launching ./versione_omp 9600 36
Numero di righe della matrice risultato per thread: 133
Numero di core (logici) disponibili: 48
Elapsed parte parallela: 30.636680 ms;
----------------------- FINE -----------------------
