N = 2000

----------------------------------------------------

Launching ./versione_omp  1
Numero di righe della matrice risultato per thread: 1000
Numero di core (logici) disponibili: 48
Elapsed parte parallela: 44.741804 ms;
----------------------- FINE -----------------------


Launching ./versione_omp  5
Numero di righe della matrice risultato per thread: 200
Numero di core (logici) disponibili: 48
Elapsed parte parallela: 9.181882 ms;
----------------------- FINE -----------------------


Launching ./versione_omp  10
Numero di righe della matrice risultato per thread: 100
Numero di core (logici) disponibili: 48
Elapsed parte parallela: 4.787995 ms;
----------------------- FINE -----------------------


Launching ./versione_omp  25
Numero di righe della matrice risultato per thread: 40
Numero di core (logici) disponibili: 48
Elapsed parte parallela: 2.836376 ms;
----------------------- FINE -----------------------


Launching ./versione_omp  48
Numero di righe della matrice risultato per thread: 20
Numero di core (logici) disponibili: 48
Elapsed parte parallela: 2.363643 ms;
----------------------- FINE -----------------------


Launching ./versione_omp  50
Numero di righe della matrice risultato per thread: 20
Numero di core (logici) disponibili: 48
Elapsed parte parallela: 24.855021 ms;
----------------------- FINE -----------------------


Launching ./versione_omp  100
Numero di righe della matrice risultato per thread: 10
Numero di core (logici) disponibili: 48
Elapsed parte parallela: 15.938584 ms;
----------------------- FINE -----------------------
